<?xml version="1.0" encoding="UTF-8"?>
<!-- Generated by org.testng.reporters.JUnitReportReporter -->
<testsuite skipped="0" hostname="SHANMUK-TEJ" name="com.myntra.testrunner.OrderingProduct" tests="1" failures="0" timestamp="12 May 2020 13:41:36 GMT" time="77.535" errors="0">
  <testcase name="feature" time="77.535" classname="com.myntra.testrunner.OrderingProduct"/>
</testsuite> <!-- com.myntra.testrunner.OrderingProduct -->
